[05-Sep-2019 22:07:09 America/New_York] PHP Deprecated:  Methods with the same name as their class will not be constructors in a future version of PHP; PHPlot has a deprecated constructor in /var/www/html/codiad/workspace/mws/mt/lib/phplot.6.1.0.php on line 36
[05-Sep-2019 22:07:09 America/New_York] PHP Fatal error:  Uncaught PDOException: SQLSTATE[HY000] [1044] Access denied for user 'mws'@'localhost' to database 'mt' in /var/www/html/codiad/workspace/mws/mt/lib/db.php:9
Stack trace:
#0 /var/www/html/codiad/workspace/mws/mt/lib/db.php(9): PDO->__construct('mysql:dbname=mt...', 'mws', 'mws9lBl88G2uvVt...')
#1 /var/www/html/codiad/workspace/mws/mt/lib/functions.php(9): db::getInstance()
#2 /var/www/html/codiad/workspace/mws/mt/dashboard_new.php(68): include_once('/var/www/html/c...')
#3 {main}
  thrown in /var/www/html/codiad/workspace/mws/mt/lib/db.php on line 9
[05-Sep-2019 22:09:00 America/New_York] PHP Warning:  Invalid argument supplied for foreach() in /var/www/html/codiad/workspace/mws/mt/lib/functions.php on line 333
[05-Sep-2019 22:09:00 America/New_York] PHP Warning:  file_get_contents(/var/www/html/uat/mws/amazon_items.csv): failed to open stream: No such file or directory in /var/www/html/codiad/workspace/mws/mt/lib/functions.php on line 341
[05-Sep-2019 22:09:00 America/New_York] PHP Notice:  Undefined offset: 1 in /var/www/html/codiad/workspace/mws/mt/lib/functions.php on line 345
[05-Sep-2019 22:09:00 America/New_York] PHP Warning:  array_flip(): Can only flip STRING and INTEGER values! in /var/www/html/codiad/workspace/mws/mt/dashboard_new.php on line 92
[05-Sep-2019 22:09:00 America/New_York] PHP Warning:  Cannot modify header information - headers already sent by (output started at /var/www/html/codiad/workspace/mws/mt/dashboard_new.php:437) in /var/www/html/codiad/workspace/mws/mt/lib/phplot.6.1.0.php on line 1839
[05-Sep-2019 22:09:00 America/New_York] PHP Warning:  Cannot modify header information - headers already sent by (output started at /var/www/html/codiad/workspace/mws/mt/dashboard_new.php:437) in /var/www/html/codiad/workspace/mws/mt/lib/phplot.6.1.0.php on line 1840
[05-Sep-2019 22:09:00 America/New_York] PHP Warning:  Cannot modify header information - headers already sent by (output started at /var/www/html/codiad/workspace/mws/mt/dashboard_new.php:437) in /var/www/html/codiad/workspace/mws/mt/lib/phplot.6.1.0.php on line 1841
[05-Sep-2019 22:09:00 America/New_York] PHP Warning:  Cannot modify header information - headers already sent by (output started at /var/www/html/codiad/workspace/mws/mt/dashboard_new.php:437) in /var/www/html/codiad/workspace/mws/mt/lib/phplot.6.1.0.php on line 1842
[05-Sep-2019 22:09:00 America/New_York] PHP Warning:  Cannot modify header information - headers already sent by (output started at /var/www/html/codiad/workspace/mws/mt/dashboard_new.php:437) in /var/www/html/codiad/workspace/mws/mt/lib/phplot.6.1.0.php on line 1858
[05-Sep-2019 22:09:00 America/New_York] PHP Fatal error:  SetFontTTF: Can't find TrueType font /home/czyusa1973/public_html/mt/lib/Yagora.ttf in /var/www/html/codiad/workspace/mws/mt/lib/phplot.6.1.0.php on line 1957
[05-Sep-2019 22:13:01 America/New_York] PHP Warning:  Invalid argument supplied for foreach() in /var/www/html/codiad/workspace/mws/mt/lib/functions.php on line 333
[05-Sep-2019 22:13:01 America/New_York] PHP Warning:  file_get_contents(/var/www/html/uat/mws/amazon_items.csv): failed to open stream: No such file or directory in /var/www/html/codiad/workspace/mws/mt/lib/functions.php on line 341
[05-Sep-2019 22:13:01 America/New_York] PHP Notice:  Undefined offset: 1 in /var/www/html/codiad/workspace/mws/mt/lib/functions.php on line 345
[05-Sep-2019 22:13:01 America/New_York] PHP Warning:  array_flip(): Can only flip STRING and INTEGER values! in /var/www/html/codiad/workspace/mws/mt/dashboard_new.php on line 92
[05-Sep-2019 22:13:01 America/New_York] PHP Warning:  Cannot modify header information - headers already sent by (output started at /var/www/html/codiad/workspace/mws/mt/dashboard_new.php:437) in /var/www/html/codiad/workspace/mws/mt/lib/phplot.6.1.0.php on line 1839
[05-Sep-2019 22:13:01 America/New_York] PHP Warning:  Cannot modify header information - headers already sent by (output started at /var/www/html/codiad/workspace/mws/mt/dashboard_new.php:437) in /var/www/html/codiad/workspace/mws/mt/lib/phplot.6.1.0.php on line 1840
[05-Sep-2019 22:13:01 America/New_York] PHP Warning:  Cannot modify header information - headers already sent by (output started at /var/www/html/codiad/workspace/mws/mt/dashboard_new.php:437) in /var/www/html/codiad/workspace/mws/mt/lib/phplot.6.1.0.php on line 1841
[05-Sep-2019 22:13:01 America/New_York] PHP Warning:  Cannot modify header information - headers already sent by (output started at /var/www/html/codiad/workspace/mws/mt/dashboard_new.php:437) in /var/www/html/codiad/workspace/mws/mt/lib/phplot.6.1.0.php on line 1842
[05-Sep-2019 22:13:01 America/New_York] PHP Warning:  Cannot modify header information - headers already sent by (output started at /var/www/html/codiad/workspace/mws/mt/dashboard_new.php:437) in /var/www/html/codiad/workspace/mws/mt/lib/phplot.6.1.0.php on line 1858
[05-Sep-2019 22:13:01 America/New_York] PHP Fatal error:  SetFontTTF: Can't find TrueType font /home/czyusa1973/public_html/mt/lib/Yagora.ttf in /var/www/html/codiad/workspace/mws/mt/lib/phplot.6.1.0.php on line 1957
[05-Sep-2019 22:13:06 America/New_York] PHP Warning:  Invalid argument supplied for foreach() in /var/www/html/codiad/workspace/mws/mt/lib/functions.php on line 333
[05-Sep-2019 22:13:06 America/New_York] PHP Warning:  file_get_contents(/var/www/html/uat/mws/amazon_items.csv): failed to open stream: No such file or directory in /var/www/html/codiad/workspace/mws/mt/lib/functions.php on line 341
[05-Sep-2019 22:13:06 America/New_York] PHP Notice:  Undefined offset: 1 in /var/www/html/codiad/workspace/mws/mt/lib/functions.php on line 345
[05-Sep-2019 22:13:06 America/New_York] PHP Warning:  array_flip(): Can only flip STRING and INTEGER values! in /var/www/html/codiad/workspace/mws/mt/dashboard_new.php on line 92
[05-Sep-2019 22:13:06 America/New_York] PHP Warning:  Cannot modify header information - headers already sent by (output started at /var/www/html/codiad/workspace/mws/mt/dashboard_new.php:437) in /var/www/html/codiad/workspace/mws/mt/lib/phplot.6.1.0.php on line 1839
[05-Sep-2019 22:13:06 America/New_York] PHP Warning:  Cannot modify header information - headers already sent by (output started at /var/www/html/codiad/workspace/mws/mt/dashboard_new.php:437) in /var/www/html/codiad/workspace/mws/mt/lib/phplot.6.1.0.php on line 1840
[05-Sep-2019 22:13:06 America/New_York] PHP Warning:  Cannot modify header information - headers already sent by (output started at /var/www/html/codiad/workspace/mws/mt/dashboard_new.php:437) in /var/www/html/codiad/workspace/mws/mt/lib/phplot.6.1.0.php on line 1841
[05-Sep-2019 22:13:06 America/New_York] PHP Warning:  Cannot modify header information - headers already sent by (output started at /var/www/html/codiad/workspace/mws/mt/dashboard_new.php:437) in /var/www/html/codiad/workspace/mws/mt/lib/phplot.6.1.0.php on line 1842
[05-Sep-2019 22:13:06 America/New_York] PHP Warning:  Cannot modify header information - headers already sent by (output started at /var/www/html/codiad/workspace/mws/mt/dashboard_new.php:437) in /var/www/html/codiad/workspace/mws/mt/lib/phplot.6.1.0.php on line 1858
[05-Sep-2019 22:13:06 America/New_York] PHP Fatal error:  SetFontTTF: Can't find TrueType font /home/czyusa1973/public_html/mt/lib/Yagora.ttf in /var/www/html/codiad/workspace/mws/mt/lib/phplot.6.1.0.php on line 1957
[05-Sep-2019 22:23:12 America/New_York] PHP Warning:  file_get_contents(/var/www/html/uat/mws/amazon_items.csv): failed to open stream: No such file or directory in /var/www/html/codiad/workspace/mws/mt/lib/functions.php on line 341
[05-Sep-2019 22:23:12 America/New_York] PHP Notice:  Undefined offset: 1 in /var/www/html/codiad/workspace/mws/mt/lib/functions.php on line 345
[05-Sep-2019 22:23:12 America/New_York] PHP Warning:  array_flip(): Can only flip STRING and INTEGER values! in /var/www/html/codiad/workspace/mws/mt/dashboard_new.php on line 92
[05-Sep-2019 22:23:12 America/New_York] PHP Warning:  Cannot modify header information - headers already sent by (output started at /var/www/html/codiad/workspace/mws/mt/dashboard_new.php:437) in /var/www/html/codiad/workspace/mws/mt/lib/phplot.6.1.0.php on line 1839
[05-Sep-2019 22:23:12 America/New_York] PHP Warning:  Cannot modify header information - headers already sent by (output started at /var/www/html/codiad/workspace/mws/mt/dashboard_new.php:437) in /var/www/html/codiad/workspace/mws/mt/lib/phplot.6.1.0.php on line 1840
[05-Sep-2019 22:23:12 America/New_York] PHP Warning:  Cannot modify header information - headers already sent by (output started at /var/www/html/codiad/workspace/mws/mt/dashboard_new.php:437) in /var/www/html/codiad/workspace/mws/mt/lib/phplot.6.1.0.php on line 1841
[05-Sep-2019 22:23:12 America/New_York] PHP Warning:  Cannot modify header information - headers already sent by (output started at /var/www/html/codiad/workspace/mws/mt/dashboard_new.php:437) in /var/www/html/codiad/workspace/mws/mt/lib/phplot.6.1.0.php on line 1842
[05-Sep-2019 22:23:12 America/New_York] PHP Warning:  Cannot modify header information - headers already sent by (output started at /var/www/html/codiad/workspace/mws/mt/dashboard_new.php:437) in /var/www/html/codiad/workspace/mws/mt/lib/phplot.6.1.0.php on line 1858
[05-Sep-2019 22:23:12 America/New_York] PHP Fatal error:  SetFontTTF: Can't find TrueType font /home/czyusa1973/public_html/mt/lib/Yagora.ttf in /var/www/html/codiad/workspace/mws/mt/lib/phplot.6.1.0.php on line 1957
[05-Sep-2019 22:24:45 America/New_York] PHP Warning:  Cannot modify header information - headers already sent by (output started at /var/www/html/codiad/workspace/mws/mt/dashboard_new.php:437) in /var/www/html/codiad/workspace/mws/mt/lib/phplot.6.1.0.php on line 1839
[05-Sep-2019 22:24:45 America/New_York] PHP Warning:  Cannot modify header information - headers already sent by (output started at /var/www/html/codiad/workspace/mws/mt/dashboard_new.php:437) in /var/www/html/codiad/workspace/mws/mt/lib/phplot.6.1.0.php on line 1840
[05-Sep-2019 22:24:45 America/New_York] PHP Warning:  Cannot modify header information - headers already sent by (output started at /var/www/html/codiad/workspace/mws/mt/dashboard_new.php:437) in /var/www/html/codiad/workspace/mws/mt/lib/phplot.6.1.0.php on line 1841
[05-Sep-2019 22:24:45 America/New_York] PHP Warning:  Cannot modify header information - headers already sent by (output started at /var/www/html/codiad/workspace/mws/mt/dashboard_new.php:437) in /var/www/html/codiad/workspace/mws/mt/lib/phplot.6.1.0.php on line 1842
[05-Sep-2019 22:24:45 America/New_York] PHP Warning:  Cannot modify header information - headers already sent by (output started at /var/www/html/codiad/workspace/mws/mt/dashboard_new.php:437) in /var/www/html/codiad/workspace/mws/mt/lib/phplot.6.1.0.php on line 1858
[05-Sep-2019 22:24:45 America/New_York] PHP Fatal error:  SetFontTTF: Can't find TrueType font /home/czyusa1973/public_html/mt/lib/Yagora.ttf in /var/www/html/codiad/workspace/mws/mt/lib/phplot.6.1.0.php on line 1957
[05-Sep-2019 22:25:05 America/New_York] PHP Fatal error:  SetFontTTF: Can't find TrueType font /home/czyusa1973/public_html/mt/lib/Yagora.ttf in /var/www/html/codiad/workspace/mws/mt/lib/phplot.6.1.0.php on line 1957
