[03-Jan-2017 10:09:47 America/New_York] PHP Notice:  Use of undefined constant EMAIL_RECEPIENTS - assumed 'EMAIL_RECEPIENTS' in /home/czyusa1973/public_html/mt/rank/bestsellerrank.amazon.php on line 16
[03-Jan-2017 10:09:48 America/New_York] PHP Notice:  Undefined variable: rows in /home/czyusa1973/public_html/mt/rank/bestsellerrank.amazon.php on line 59
[03-Jan-2017 10:09:51 America/New_York] PHP Notice:  Use of undefined constant EMAIL_RECEPIENTS - assumed 'EMAIL_RECEPIENTS' in /home/czyusa1973/public_html/mt/rank/bestsellerrank.amazon.php on line 16
[03-Jan-2017 10:09:51 America/New_York] PHP Notice:  Undefined variable: rows in /home/czyusa1973/public_html/mt/rank/bestsellerrank.amazon.php on line 59
[03-Jan-2017 10:09:52 America/New_York] PHP Notice:  Use of undefined constant EMAIL_RECEPIENTS - assumed 'EMAIL_RECEPIENTS' in /home/czyusa1973/public_html/mt/rank/bestsellerrank.amazon.php on line 16
[03-Jan-2017 10:09:53 America/New_York] PHP Notice:  Undefined variable: rows in /home/czyusa1973/public_html/mt/rank/bestsellerrank.amazon.php on line 59
[03-Jan-2017 10:10:23 America/New_York] PHP Notice:  Use of undefined constant EMAIL_RECEPIENTS - assumed 'EMAIL_RECEPIENTS' in /home/czyusa1973/public_html/mt/rank/bestsellerrank.amazon.php on line 16
[03-Jan-2017 10:10:23 America/New_York] PHP Notice:  Undefined variable: rows in /home/czyusa1973/public_html/mt/rank/bestsellerrank.amazon.php on line 59
[06-Apr-2017 09:05:06 America/New_York] PHP Notice:  Use of undefined constant EMAIL_RECEPIENTS - assumed 'EMAIL_RECEPIENTS' in /home/czyusa1973/public_html/mt/rank/bestsellerrank.amazon.php on line 16
[06-Apr-2017 09:05:06 America/New_York] PHP Notice:  Undefined variable: rows in /home/czyusa1973/public_html/mt/rank/bestsellerrank.amazon.php on line 59
[14-Nov-2017 17:21:04 America/New_York] PHP Notice:  Use of undefined constant EMAIL_RECEPIENTS - assumed 'EMAIL_RECEPIENTS' in /home/czyusa1973/public_html/mt/rank/bestsellerrank.amazon.php on line 16
[14-Nov-2017 17:21:05 America/New_York] PHP Notice:  Undefined variable: rows in /home/czyusa1973/public_html/mt/rank/bestsellerrank.amazon.php on line 59
[05-Jan-2018 12:28:48 America/New_York] PHP Notice:  Use of undefined constant EMAIL_RECEPIENTS - assumed 'EMAIL_RECEPIENTS' in /home/czyusa1973/public_html/mt/rank/bestsellerrank.amazon.php on line 16
[05-Jan-2018 12:28:48 America/New_York] PHP Notice:  Undefined variable: rows in /home/czyusa1973/public_html/mt/rank/bestsellerrank.amazon.php on line 59
[05-Jan-2018 16:39:22 America/New_York] PHP Notice:  Use of undefined constant EMAIL_RECEPIENTS - assumed 'EMAIL_RECEPIENTS' in /home/czyusa1973/public_html/mt/rank/bestsellerrank.amazon.php on line 16
[05-Jan-2018 16:39:22 America/New_York] PHP Notice:  Undefined variable: rows in /home/czyusa1973/public_html/mt/rank/bestsellerrank.amazon.php on line 59
[14-Feb-2018 16:32:23 America/New_York] PHP Notice:  Use of undefined constant EMAIL_RECEPIENTS - assumed 'EMAIL_RECEPIENTS' in /home/czyusa1973/public_html/mt/rank/bestsellerrank.amazon.php on line 16
[14-Feb-2018 16:32:23 America/New_York] PHP Notice:  Undefined variable: rows in /home/czyusa1973/public_html/mt/rank/bestsellerrank.amazon.php on line 59
[14-Mar-2019 11:21:23 America/New_York] PHP Notice:  Use of undefined constant EMAIL_RECEPIENTS - assumed 'EMAIL_RECEPIENTS' in /home/czyusa1973/public_html/mt/rank/bestsellerrank.amazon.php on line 16
[14-Mar-2019 11:21:23 America/New_York] PHP Notice:  Undefined variable: rows in /home/czyusa1973/public_html/mt/rank/bestsellerrank.amazon.php on line 59
[14-Mar-2019 11:21:24 America/New_York] PHP Notice:  Use of undefined constant EMAIL_RECEPIENTS - assumed 'EMAIL_RECEPIENTS' in /home/czyusa1973/public_html/mt/rank/bestsellerrank.amazon.php on line 16
[14-Mar-2019 11:21:24 America/New_York] PHP Notice:  Undefined variable: rows in /home/czyusa1973/public_html/mt/rank/bestsellerrank.amazon.php on line 59
[14-Mar-2019 11:24:37 America/New_York] PHP Notice:  Use of undefined constant EMAIL_RECEPIENTS - assumed 'EMAIL_RECEPIENTS' in /home/czyusa1973/public_html/mt/rank/bestsellerrank.amazon.php on line 16
[14-Mar-2019 11:24:37 America/New_York] PHP Notice:  Undefined variable: rows in /home/czyusa1973/public_html/mt/rank/bestsellerrank.amazon.php on line 59
[14-Mar-2019 11:25:16 America/New_York] PHP Notice:  Use of undefined constant EMAIL_RECEPIENTS - assumed 'EMAIL_RECEPIENTS' in /home/czyusa1973/public_html/mt/rank/bestsellerrank.amazon.php on line 16
[14-Mar-2019 11:25:16 America/New_York] PHP Notice:  Undefined variable: row in /home/czyusa1973/public_html/mt/rank/bestsellerrank.amazon.php on line 74
[14-Mar-2019 11:25:16 America/New_York] PHP Notice:  Undefined variable: rows in /home/czyusa1973/public_html/mt/rank/bestsellerrank.amazon.php on line 81
[14-Mar-2019 11:35:20 America/New_York] PHP Notice:  Use of undefined constant EMAIL_RECEPIENTS - assumed 'EMAIL_RECEPIENTS' in /home/czyusa1973/public_html/mt/rank/bestsellerrank.amazon.php on line 16
[14-Mar-2019 11:35:20 America/New_York] PHP Notice:  Undefined variable: rows in /home/czyusa1973/public_html/mt/rank/bestsellerrank.amazon.php on line 59
[14-Mar-2019 11:35:22 America/New_York] PHP Notice:  Use of undefined constant EMAIL_RECEPIENTS - assumed 'EMAIL_RECEPIENTS' in /home/czyusa1973/public_html/mt/rank/bestsellerrank.amazon.php on line 16
[14-Mar-2019 11:35:23 America/New_York] PHP Notice:  Undefined variable: rows in /home/czyusa1973/public_html/mt/rank/bestsellerrank.amazon.php on line 59
[14-Mar-2019 11:35:23 America/New_York] PHP Notice:  Use of undefined constant EMAIL_RECEPIENTS - assumed 'EMAIL_RECEPIENTS' in /home/czyusa1973/public_html/mt/rank/bestsellerrank.amazon.php on line 16
[14-Mar-2019 11:35:23 America/New_York] PHP Notice:  Undefined variable: rows in /home/czyusa1973/public_html/mt/rank/bestsellerrank.amazon.php on line 59
[14-Mar-2019 11:49:39 America/New_York] PHP Notice:  Use of undefined constant EMAIL_RECEPIENTS - assumed 'EMAIL_RECEPIENTS' in /home/czyusa1973/public_html/mt/rank/bestsellerrank.amazon.php on line 16
[14-Mar-2019 11:49:39 America/New_York] PHP Notice:  Undefined variable: rows in /home/czyusa1973/public_html/mt/rank/bestsellerrank.amazon.php on line 59
[14-Mar-2019 11:49:56 America/New_York] PHP Notice:  Use of undefined constant EMAIL_RECEPIENTS - assumed 'EMAIL_RECEPIENTS' in /home/czyusa1973/public_html/mt/rank/bestsellerrank.amazon.php on line 16
[14-Mar-2019 11:49:56 America/New_York] PHP Notice:  Undefined variable: rows in /home/czyusa1973/public_html/mt/rank/bestsellerrank.amazon.php on line 59
[14-Mar-2019 11:51:15 America/New_York] PHP Notice:  Use of undefined constant EMAIL_RECEPIENTS - assumed 'EMAIL_RECEPIENTS' in /home/czyusa1973/public_html/mt/rank/bestsellerrank.amazon.php on line 16
[14-Mar-2019 11:51:15 America/New_York] PHP Notice:  Undefined variable: rows in /home/czyusa1973/public_html/mt/rank/bestsellerrank.amazon.php on line 59
[14-Mar-2019 11:51:40 America/New_York] PHP Notice:  Use of undefined constant EMAIL_RECEPIENTS - assumed 'EMAIL_RECEPIENTS' in /home/czyusa1973/public_html/mt/rank/bestsellerrank.amazon.php on line 16
[14-Mar-2019 11:51:40 America/New_York] PHP Notice:  Undefined variable: rows in /home/czyusa1973/public_html/mt/rank/bestsellerrank.amazon.php on line 59
[14-Mar-2019 11:52:07 America/New_York] PHP Notice:  Use of undefined constant EMAIL_RECEPIENTS - assumed 'EMAIL_RECEPIENTS' in /home/czyusa1973/public_html/mt/rank/bestsellerrank.amazon.php on line 16
[14-Mar-2019 11:52:07 America/New_York] PHP Notice:  Undefined variable: rows in /home/czyusa1973/public_html/mt/rank/bestsellerrank.amazon.php on line 59
[14-Mar-2019 11:52:08 America/New_York] PHP Notice:  Use of undefined constant EMAIL_RECEPIENTS - assumed 'EMAIL_RECEPIENTS' in /home/czyusa1973/public_html/mt/rank/bestsellerrank.amazon.php on line 16
[14-Mar-2019 11:52:08 America/New_York] PHP Notice:  Undefined variable: rows in /home/czyusa1973/public_html/mt/rank/bestsellerrank.amazon.php on line 59
[14-Mar-2019 11:52:09 America/New_York] PHP Notice:  Use of undefined constant EMAIL_RECEPIENTS - assumed 'EMAIL_RECEPIENTS' in /home/czyusa1973/public_html/mt/rank/bestsellerrank.amazon.php on line 16
[14-Mar-2019 11:52:10 America/New_York] PHP Notice:  Undefined variable: rows in /home/czyusa1973/public_html/mt/rank/bestsellerrank.amazon.php on line 59
[14-Mar-2019 11:52:36 America/New_York] PHP Notice:  Use of undefined constant EMAIL_RECEPIENTS - assumed 'EMAIL_RECEPIENTS' in /home/czyusa1973/public_html/mt/rank/bestsellerrank.amazon.php on line 16
[14-Mar-2019 11:52:36 America/New_York] PHP Notice:  Undefined variable: rows in /home/czyusa1973/public_html/mt/rank/bestsellerrank.amazon.php on line 59
[14-Mar-2019 12:17:23 America/New_York] PHP Notice:  Use of undefined constant EMAIL_RECEPIENTS - assumed 'EMAIL_RECEPIENTS' in /home/czyusa1973/public_html/mt/rank/bestsellerrank.amazon.php on line 16
[14-Mar-2019 12:17:23 America/New_York] PHP Notice:  Undefined variable: rows in /home/czyusa1973/public_html/mt/rank/bestsellerrank.amazon.php on line 59
[29-May-2019 07:24:18 America/New_York] PHP Notice:  Use of undefined constant EMAIL_RECEPIENTS - assumed 'EMAIL_RECEPIENTS' in /home/czyusa1973/public_html/mt/rank/bestsellerrank.amazon.php on line 16
[29-May-2019 07:24:18 America/New_York] PHP Notice:  Undefined variable: rows in /home/czyusa1973/public_html/mt/rank/bestsellerrank.amazon.php on line 59
[24-Aug-2019 11:47:26 America/New_York] PHP Notice:  Use of undefined constant EMAIL_RECEPIENTS - assumed 'EMAIL_RECEPIENTS' in /home/czyusa1973/public_html/mt/rank/bestsellerrank.amazon.php on line 16
[24-Aug-2019 11:47:26 America/New_York] PHP Notice:  Undefined variable: rows in /home/czyusa1973/public_html/mt/rank/bestsellerrank.amazon.php on line 59
[28-Aug-2019 02:51:43 America/New_York] PHP Notice:  Use of undefined constant EMAIL_RECEPIENTS - assumed 'EMAIL_RECEPIENTS' in /home/czyusa1973/public_html/mt/rank/bestsellerrank.amazon.php on line 16
[28-Aug-2019 02:51:43 America/New_York] PHP Notice:  Undefined variable: rows in /home/czyusa1973/public_html/mt/rank/bestsellerrank.amazon.php on line 59
[28-Aug-2019 02:51:48 America/New_York] PHP Notice:  Use of undefined constant EMAIL_RECEPIENTS - assumed 'EMAIL_RECEPIENTS' in /home/czyusa1973/public_html/mt/rank/bestsellerrank.amazon.php on line 16
[28-Aug-2019 02:51:48 America/New_York] PHP Notice:  Undefined variable: rows in /home/czyusa1973/public_html/mt/rank/bestsellerrank.amazon.php on line 59
